[INFO]: Run Directory: /openlane/designs/viterbi/runs/RUN_2026.01.20_20.38.25
[WARNING]: SYNTH_MAX_FANOUT is now deprecated; use MAX_FANOUT_CONSTRAINT instead.
[WARNING]: DIODE_INSERTION_STRATEGY is now deprecated; use GRT_REPAIR_ANTENNAS, DIODE_ON_PORTS and RUN_HEURISTIC_DIODE_INSERTION instead.
[INFO]: DIODE_INSERTION_STRATEGY set to 4. Setting RUN_HEURISTIC_DIODE_INSERTION to 1
[INFO]: DIODE_INSERTION_STRATEGY set to 4. Setting DIODE_ON_PORTS to in
[INFO]: Saving runtime environment...
[INFO]: Preparing LEF files for the nom corner...
[INFO]: Preparing LEF files for the min corner...
[INFO]: Preparing LEF files for the max corner...
[INFO]: Running linter (Verilator) (log: designs/viterbi/runs/RUN_2026.01.20_20.38.25/logs/synthesis/linter.log)...
[INFO]: 0 errors found by linter
[WARNING]: 16 warnings found by linter
[INFO]: Running Synthesis (log: designs/viterbi/runs/RUN_2026.01.20_20.38.25/logs/synthesis/1-synthesis.log)...
[INFO]: Running Single-Corner Static Timing Analysis (log: designs/viterbi/runs/RUN_2026.01.20_20.38.25/logs/synthesis/2-sta.log)...
[INFO]: Running Initial Floorplanning (log: designs/viterbi/runs/RUN_2026.01.20_20.38.25/logs/floorplan/3-initial_fp.log)...
[INFO]: Floorplanned with width 388.7 and height 378.08.
[INFO]: Running IO Placement (log: designs/viterbi/runs/RUN_2026.01.20_20.38.25/logs/floorplan/4-io.log)...
[INFO]: Running Tap/Decap Insertion (log: designs/viterbi/runs/RUN_2026.01.20_20.38.25/logs/floorplan/5-tap.log)...
[INFO]: Creating a screenshot using KLayout (log: designs/viterbi/runs/RUN_2026.01.20_20.38.25/logs/floorplan/6-screenshot.log)...
[ERROR]: during executing: "bash /nix/store/xpc7xd67rslanlqh566s6jph53bn830w-openlane1-1.1.1/bin/scripts/klayout/scrotLayout.sh /home/iot/pdk/sky130A/libs.tech/klayout/tech/sky130A.lyt /openlane/designs/viterbi/runs/RUN_2026.01.20_20.38.25/tmp/floorplan/5-tapcell.def |& tee /dev/null /openlane/designs/viterbi/runs/RUN_2026.01.20_20.38.25/logs/floorplan/6-screenshot.log"
[ERROR]: Exit code: 1
[ERROR]: Last 10 lines:
bash: /nix/store/xpc7xd67rslanlqh566s6jph53bn830w-openlane1-1.1.1/bin/scripts/klayout/scrotLayout.sh: No such file or directory
child process exited abnormally

[ERROR]: Step 6 (floorplan) failed with error:
-code 1 -level 0 -errorstack {INNER {invokeStk1 throw_error} CALL {try_exec bash /nix/store/xpc7xd67rslanlqh566s6jph53bn830w-openlane1-1.1.1/bin/scripts/klayout/scrotLayout.sh /home/iot/pdk/sky130A/libs.tech/klayout/tech/sky130A.lyt /openlane/designs/viterbi/runs/RUN_2026.01.20_20.38.25/tmp/floorplan/5-tapcell.def |& tee /dev/null /openlane/designs/viterbi/runs/RUN_2026.01.20_20.38.25/logs/floorplan/6-screenshot.log} CALL {scrot_klayout -layout /openlane/designs/viterbi/runs/RUN_2026.01.20_20.38.25/tmp/floorplan/5-tapcell.def -log /openlane/designs/viterbi/runs/RUN_2026.01.20_20.38.25/logs/floorplan/screenshot.log} CALL run_floorplan CALL {run_non_interactive_mode -design /openlane/designs/viterbi}} -errorcode NONE -errorinfo {
    while executing
"throw_error"
    (procedure "try_exec" line 15)
    invoked from within
"try_exec bash $::env(SCRIPTS_DIR)/klayout/scrotLayout.sh $::env(KLAYOUT_TECH) $arg_values(-layout) |& tee $::env(TERMINAL_OUTPUT) $log"
    (procedure "scrot_klayout" line 17)
    invoked from within
"scrot_klayout -layout $::env(CURRENT_DEF) -log $::env(floorplan_logs)/screenshot.log"
    (procedure "run_floorplan" line 54)
    invoked from within
"run_floorplan"} -errorline 1
[INFO]: Saving current set of views in 'designs/viterbi/runs/RUN_2026.01.20_20.38.25/results/final'...
[INFO]: Generating final set of reports...
[ERROR]: Failed to create manufacturability and metric reports:
[ERROR]: Traceback (most recent call last):
  File "/nix/store/xpc7xd67rslanlqh566s6jph53bn830w-openlane1-1.1.1/bin/scripts/generate_reports.py", line 184, in <module>
    cli()
  File "/nix/store/8ywrzlq8yyqrif2sfvbgg8vsxhj80ry7-python3-3.11.9-env/lib/python3.11/site-packages/click/core.py", line 1157, in __call__
    return self.main(*args, **kwargs)
           ^^^^^^^^^^^^^^^^^^^^^^^^^^
  File "/nix/store/8ywrzlq8yyqrif2sfvbgg8vsxhj80ry7-python3-3.11.9-env/lib/python3.11/site-packages/click/core.py", line 1078, in main
    rv = self.invoke(ctx)
         ^^^^^^^^^^^^^^^^
  File "/nix/store/8ywrzlq8yyqrif2sfvbgg8vsxhj80ry7-python3-3.11.9-env/lib/python3.11/site-packages/click/core.py", line 1434, in invoke
    return ctx.invoke(self.callback, **ctx.params)
           ^^^^^^^^^^^^^^^^^^^^^^^^^^^^^^^^^^^^^^^
  File "/nix/store/8ywrzlq8yyqrif2sfvbgg8vsxhj80ry7-python3-3.11.9-env/lib/python3.11/site-packages/click/core.py", line 783, in invoke
    return __callback(*args, **kwargs)
           ^^^^^^^^^^^^^^^^^^^^^^^^^^^
  File "/nix/store/xpc7xd67rslanlqh566s6jph53bn830w-openlane1-1.1.1/bin/scripts/generate_reports.py", line 51, in cli
    report = Report(design, tag, design_name, params, run_path).get_report()
             ^^^^^^^^^^^^^^^^^^^^^^^^^^^^^^^^^^^^^^^^^^^^^^^^^^^^^^^^^^^^^^^
  File "/nix/store/xpc7xd67rslanlqh566s6jph53bn830w-openlane1-1.1.1/bin/scripts/report/report.py", line 809, in get_report
    *self.extract_all_values(),
     ^^^^^^^^^^^^^^^^^^^^^^^^^
  File "/nix/store/xpc7xd67rslanlqh566s6jph53bn830w-openlane1-1.1.1/bin/scripts/report/report.py", line 359, in extract_all_values
    power_report = Artifact(
                   ^^^^^^^^^
  File "/nix/store/xpc7xd67rslanlqh566s6jph53bn830w-openlane1-1.1.1/bin/scripts/report/report.py", line 62, in __init__
    self.pathname = matches[0]
                    ~~~~~~~^^^
IndexError: list index out of range
[INFO]: Saving runtime environment...
[ERROR]: Flow failed.
[INFO]: The failure may have been because of the following warnings:
